{"/home/vantai/NT548-DevOps/app/mono/backend/src/config/database.js": {"path":"/home/vantai/NT548-DevOps/app/mono/backend/src/config/database.js","statementMap":{"0":{"start":{"line":1,"column":22},"end":{"line":1,"column":42}},"1":{"start":{"line":2,"column":15},"end":{"line":2,"column":34}},"2":{"start":{"line":3,"column":0},"end":{"line":3,"column":27}},"3":{"start":{"line":26,"column":2},"end":{"line":29,"column":3}},"4":{"start":{"line":27,"column":4},"end":{"line":27,"column":56}},"5":{"start":{"line":28,"column":4},"end":{"line":28,"column":36}},"6":{"start":{"line":32,"column":15},"end":{"line":32,"column":34}},"7":{"start":{"line":33,"column":15},"end":{"line":33,"column":44}},"8":{"start":{"line":34,"column":15},"end":{"line":34,"column":34}},"9":{"start":{"line":35,"column":15},"end":{"line":35,"column":34}},"10":{"start":{"line":36,"column":15},"end":{"line":36,"column":44}},"11":{"start":{"line":39,"column":18},"end":{"line":39,"column":20}},"12":{"start":{"line":40,"column":2},"end":{"line":40,"column":37}},"13":{"start":{"line":40,"column":13},"end":{"line":40,"column":37}},"14":{"start":{"line":41,"column":2},"end":{"line":41,"column":37}},"15":{"start":{"line":41,"column":13},"end":{"line":41,"column":37}},"16":{"start":{"line":42,"column":2},"end":{"line":42,"column":37}},"17":{"start":{"line":42,"column":13},"end":{"line":42,"column":37}},"18":{"start":{"line":43,"column":2},"end":{"line":43,"column":47}},"19":{"start":{"line":43,"column":13},"end":{"line":43,"column":47}},"20":{"start":{"line":45,"column":2},"end":{"line":50,"column":3}},"21":{"start":{"line":46,"column":4},"end":{"line":49,"column":6}},"22":{"start":{"line":53,"column":22},"end":{"line":53,"column":46}},"23":{"start":{"line":54,"column":2},"end":{"line":54,"column":69}},"24":{"start":{"line":57,"column":20},"end":{"line":57,"column":38}},"25":{"start":{"line":60,"column":16},"end":{"line":60,"column":58}},"26":{"start":{"line":61,"column":0},"end":{"line":61,"column":68}},"27":{"start":{"line":63,"column":18},"end":{"line":89,"column":2}},"28":{"start":{"line":68,"column":15},"end":{"line":68,"column":54}},"29":{"start":{"line":94,"column":0},"end":{"line":103,"column":2}},"30":{"start":{"line":95,"column":2},"end":{"line":102,"column":3}},"31":{"start":{"line":96,"column":4},"end":{"line":96,"column":35}},"32":{"start":{"line":97,"column":4},"end":{"line":97,"column":64}},"33":{"start":{"line":98,"column":4},"end":{"line":98,"column":16}},"34":{"start":{"line":100,"column":4},"end":{"line":100,"column":59}},"35":{"start":{"line":101,"column":4},"end":{"line":101,"column":14}},"36":{"start":{"line":105,"column":0},"end":{"line":105,"column":27}}},"fnMap":{"0":{"name":"buildDatabaseUrl","decl":{"start":{"line":24,"column":9},"end":{"line":24,"column":25}},"loc":{"start":{"line":24,"column":28},"end":{"line":55,"column":1}},"line":24},"1":{"name":"(anonymous_1)","decl":{"start":{"line":68,"column":6},"end":{"line":68,"column":7}},"loc":{"start":{"line":68,"column":15},"end":{"line":68,"column":54}},"line":68},"2":{"name":"(anonymous_2)","decl":{"start":{"line":94,"column":27},"end":{"line":94,"column":28}},"loc":{"start":{"line":94,"column":44},"end":{"line":103,"column":1}},"line":94}},"branchMap":{"0":{"loc":{"start":{"line":26,"column":2},"end":{"line":29,"column":3}},"type":"if","locations":[{"start":{"line":26,"column":2},"end":{"line":29,"column":3}},{"start":{},"end":{}}],"line":26},"1":{"loc":{"start":{"line":33,"column":15},"end":{"line":33,"column":44}},"type":"binary-expr","locations":[{"start":{"line":33,"column":15},"end":{"line":33,"column":34}},{"start":{"line":33,"column":38},"end":{"line":33,"column":44}}],"line":33},"2":{"loc":{"start":{"line":40,"column":2},"end":{"line":40,"column":37}},"type":"if","locations":[{"start":{"line":40,"column":2},"end":{"line":40,"column":37}},{"start":{},"end":{}}],"line":40},"3":{"loc":{"start":{"line":41,"column":2},"end":{"line":41,"column":37}},"type":"if","locations":[{"start":{"line":41,"column":2},"end":{"line":41,"column":37}},{"start":{},"end":{}}],"line":41},"4":{"loc":{"start":{"line":42,"column":2},"end":{"line":42,"column":37}},"type":"if","locations":[{"start":{"line":42,"column":2},"end":{"line":42,"column":37}},{"start":{},"end":{}}],"line":42},"5":{"loc":{"start":{"line":43,"column":2},"end":{"line":43,"column":47}},"type":"if","locations":[{"start":{"line":43,"column":2},"end":{"line":43,"column":47}},{"start":{},"end":{}}],"line":43},"6":{"loc":{"start":{"line":45,"column":2},"end":{"line":50,"column":3}},"type":"if","locations":[{"start":{"line":45,"column":2},"end":{"line":50,"column":3}},{"start":{},"end":{}}],"line":45},"7":{"loc":{"start":{"line":67,"column":11},"end":{"line":69,"column":11}},"type":"cond-expr","locations":[{"start":{"line":68,"column":6},"end":{"line":68,"column":54}},{"start":{"line":69,"column":6},"end":{"line":69,"column":11}}],"line":67},"8":{"loc":{"start":{"line":73,"column":18},"end":{"line":73,"column":49}},"type":"binary-expr","locations":[{"start":{"line":73,"column":18},"end":{"line":73,"column":41}},{"start":{"line":73,"column":45},"end":{"line":73,"column":49}}],"line":73},"9":{"loc":{"start":{"line":74,"column":18},"end":{"line":74,"column":48}},"type":"binary-expr","locations":[{"start":{"line":74,"column":18},"end":{"line":74,"column":41}},{"start":{"line":74,"column":45},"end":{"line":74,"column":48}}],"line":74}},"s":{"0":1,"1":1,"2":1,"3":1,"4":1,"5":1,"6":0,"7":0,"8":0,"9":0,"10":0,"11":0,"12":0,"13":0,"14":0,"15":0,"16":0,"17":0,"18":0,"19":0,"20":0,"21":0,"22":0,"23":0,"24":1,"25":1,"26":1,"27":1,"28":0,"29":1,"30":0,"31":0,"32":0,"33":0,"34":0,"35":0,"36":1},"f":{"0":1,"1":0,"2":0},"b":{"0":[1,0],"1":[0,0],"2":[0,0],"3":[0,0],"4":[0,0],"5":[0,0],"6":[0,0],"7":[1,0],"8":[1,1],"9":[1,1]},"_coverageSchema":"1a1c01bbd47fc00a2c39e90264f33305004495a9","hash":"370543d8ccb41e4eacc3692f56fdcd20f18ef96a"}
,"/home/vantai/NT548-DevOps/app/mono/backend/src/config/logger.js": {"path":"/home/vantai/NT548-DevOps/app/mono/backend/src/config/logger.js","statementMap":{"0":{"start":{"line":1,"column":13},"end":{"line":1,"column":28}},"1":{"start":{"line":18,"column":14},"end":{"line":18,"column":51}},"2":{"start":{"line":20,"column":15},"end":{"line":53,"column":2}},"3":{"start":{"line":55,"column":0},"end":{"line":55,"column":24}}},"fnMap":{},"branchMap":{"0":{"loc":{"start":{"line":21,"column":9},"end":{"line":21,"column":60}},"type":"binary-expr","locations":[{"start":{"line":21,"column":9},"end":{"line":21,"column":30}},{"start":{"line":21,"column":35},"end":{"line":21,"column":59}}],"line":21},"1":{"loc":{"start":{"line":21,"column":35},"end":{"line":21,"column":59}},"type":"cond-expr","locations":[{"start":{"line":21,"column":43},"end":{"line":21,"column":50}},{"start":{"line":21,"column":53},"end":{"line":21,"column":59}}],"line":21},"2":{"loc":{"start":{"line":24,"column":6},"end":{"line":33,"column":3}},"type":"binary-expr","locations":[{"start":{"line":24,"column":6},"end":{"line":24,"column":11}},{"start":{"line":24,"column":15},"end":{"line":33,"column":3}}],"line":24},"3":{"loc":{"start":{"line":38,"column":9},"end":{"line":38,"column":46}},"type":"binary-expr","locations":[{"start":{"line":38,"column":9},"end":{"line":38,"column":29}},{"start":{"line":38,"column":33},"end":{"line":38,"column":46}}],"line":38}},"s":{"0":0,"1":0,"2":0,"3":0},"f":{},"b":{"0":[0,0],"1":[0,0],"2":[0,0],"3":[0,0]}}
,"/home/vantai/NT548-DevOps/app/mono/backend/src/config/validate.js": {"path":"/home/vantai/NT548-DevOps/app/mono/backend/src/config/validate.js","statementMap":{"0":{"start":{"line":11,"column":15},"end":{"line":11,"column":34}},"1":{"start":{"line":14,"column":24},"end":{"line":18,"column":1}},"2":{"start":{"line":21,"column":22},"end":{"line":26,"column":1}},"3":{"start":{"line":28,"column":25},"end":{"line":31,"column":1}},"4":{"start":{"line":34,"column":18},"end":{"line":34,"column":20}},"5":{"start":{"line":35,"column":19},"end":{"line":35,"column":21}},"6":{"start":{"line":38,"column":2},"end":{"line":42,"column":3}},"7":{"start":{"line":39,"column":4},"end":{"line":41,"column":5}},"8":{"start":{"line":40,"column":6},"end":{"line":40,"column":24}},"9":{"start":{"line":45,"column":19},"end":{"line":45,"column":89}},"10":{"start":{"line":47,"column":2},"end":{"line":57,"column":3}},"11":{"start":{"line":49,"column":22},"end":{"line":51,"column":5}},"12":{"start":{"line":50,"column":13},"end":{"line":50,"column":64}},"13":{"start":{"line":52,"column":4},"end":{"line":54,"column":5}},"14":{"start":{"line":53,"column":6},"end":{"line":53,"column":79}},"15":{"start":{"line":56,"column":4},"end":{"line":56,"column":55}},"16":{"start":{"line":60,"column":2},"end":{"line":64,"column":3}},"17":{"start":{"line":61,"column":4},"end":{"line":63,"column":5}},"18":{"start":{"line":62,"column":6},"end":{"line":62,"column":25}},"19":{"start":{"line":67,"column":2},"end":{"line":69,"column":3}},"20":{"start":{"line":68,"column":4},"end":{"line":68,"column":78}},"21":{"start":{"line":71,"column":2},"end":{"line":73,"column":3}},"22":{"start":{"line":72,"column":4},"end":{"line":72,"column":72}},"23":{"start":{"line":76,"column":2},"end":{"line":84,"column":3}},"24":{"start":{"line":77,"column":4},"end":{"line":80,"column":6}},"25":{"start":{"line":81,"column":4},"end":{"line":81,"column":67}},"26":{"start":{"line":82,"column":4},"end":{"line":82,"column":96}},"27":{"start":{"line":83,"column":4},"end":{"line":83,"column":20}},"28":{"start":{"line":87,"column":2},"end":{"line":89,"column":3}},"29":{"start":{"line":88,"column":4},"end":{"line":88,"column":56}},"30":{"start":{"line":91,"column":2},"end":{"line":96,"column":45}},"31":{"start":{"line":99,"column":0},"end":{"line":99,"column":36}}},"fnMap":{"0":{"name":"validateConfig","decl":{"start":{"line":33,"column":9},"end":{"line":33,"column":23}},"loc":{"start":{"line":33,"column":26},"end":{"line":97,"column":1}},"line":33},"1":{"name":"(anonymous_1)","decl":{"start":{"line":50,"column":6},"end":{"line":50,"column":7}},"loc":{"start":{"line":50,"column":13},"end":{"line":50,"column":64}},"line":50}},"branchMap":{"0":{"loc":{"start":{"line":39,"column":4},"end":{"line":41,"column":5}},"type":"if","locations":[{"start":{"line":39,"column":4},"end":{"line":41,"column":5}},{"start":{},"end":{}}],"line":39},"1":{"loc":{"start":{"line":39,"column":8},"end":{"line":39,"column":59}},"type":"binary-expr","locations":[{"start":{"line":39,"column":8},"end":{"line":39,"column":25}},{"start":{"line":39,"column":29},"end":{"line":39,"column":59}}],"line":39},"2":{"loc":{"start":{"line":45,"column":22},"end":{"line":45,"column":88}},"type":"binary-expr","locations":[{"start":{"line":45,"column":22},"end":{"line":45,"column":46}},{"start":{"line":45,"column":50},"end":{"line":45,"column":88}}],"line":45},"3":{"loc":{"start":{"line":47,"column":2},"end":{"line":57,"column":3}},"type":"if","locations":[{"start":{"line":47,"column":2},"end":{"line":57,"column":3}},{"start":{"line":55,"column":9},"end":{"line":57,"column":3}}],"line":47},"4":{"loc":{"start":{"line":50,"column":13},"end":{"line":50,"column":64}},"type":"binary-expr","locations":[{"start":{"line":50,"column":13},"end":{"line":50,"column":30}},{"start":{"line":50,"column":34},"end":{"line":50,"column":64}}],"line":50},"5":{"loc":{"start":{"line":52,"column":4},"end":{"line":54,"column":5}},"type":"if","locations":[{"start":{"line":52,"column":4},"end":{"line":54,"column":5}},{"start":{},"end":{}}],"line":52},"6":{"loc":{"start":{"line":61,"column":4},"end":{"line":63,"column":5}},"type":"if","locations":[{"start":{"line":61,"column":4},"end":{"line":63,"column":5}},{"start":{},"end":{}}],"line":61},"7":{"loc":{"start":{"line":67,"column":2},"end":{"line":69,"column":3}},"type":"if","locations":[{"start":{"line":67,"column":2},"end":{"line":69,"column":3}},{"start":{},"end":{}}],"line":67},"8":{"loc":{"start":{"line":67,"column":6},"end":{"line":67,"column":66}},"type":"binary-expr","locations":[{"start":{"line":67,"column":6},"end":{"line":67,"column":28}},{"start":{"line":67,"column":32},"end":{"line":67,"column":66}}],"line":67},"9":{"loc":{"start":{"line":71,"column":2},"end":{"line":73,"column":3}},"type":"if","locations":[{"start":{"line":71,"column":2},"end":{"line":73,"column":3}},{"start":{},"end":{}}],"line":71},"10":{"loc":{"start":{"line":71,"column":6},"end":{"line":71,"column":107}},"type":"binary-expr","locations":[{"start":{"line":71,"column":6},"end":{"line":71,"column":43}},{"start":{"line":71,"column":47},"end":{"line":71,"column":107}}],"line":71},"11":{"loc":{"start":{"line":76,"column":2},"end":{"line":84,"column":3}},"type":"if","locations":[{"start":{"line":76,"column":2},"end":{"line":84,"column":3}},{"start":{},"end":{}}],"line":76},"12":{"loc":{"start":{"line":87,"column":2},"end":{"line":89,"column":3}},"type":"if","locations":[{"start":{"line":87,"column":2},"end":{"line":89,"column":3}},{"start":{},"end":{}}],"line":87},"13":{"loc":{"start":{"line":92,"column":13},"end":{"line":92,"column":50}},"type":"binary-expr","locations":[{"start":{"line":92,"column":13},"end":{"line":92,"column":33}},{"start":{"line":92,"column":37},"end":{"line":92,"column":50}}],"line":92},"14":{"loc":{"start":{"line":94,"column":14},"end":{"line":94,"column":45}},"type":"binary-expr","locations":[{"start":{"line":94,"column":14},"end":{"line":94,"column":35}},{"start":{"line":94,"column":39},"end":{"line":94,"column":45}}],"line":94},"15":{"loc":{"start":{"line":95,"column":12},"end":{"line":95,"column":50}},"type":"cond-expr","locations":[{"start":{"line":95,"column":23},"end":{"line":95,"column":35}},{"start":{"line":95,"column":38},"end":{"line":95,"column":50}}],"line":95}},"s":{"0":0,"1":0,"2":0,"3":0,"4":0,"5":0,"6":0,"7":0,"8":0,"9":0,"10":0,"11":0,"12":0,"13":0,"14":0,"15":0,"16":0,"17":0,"18":0,"19":0,"20":0,"21":0,"22":0,"23":0,"24":0,"25":0,"26":0,"27":0,"28":0,"29":0,"30":0,"31":0},"f":{"0":0,"1":0},"b":{"0":[0,0],"1":[0,0],"2":[0,0],"3":[0,0],"4":[0,0],"5":[0,0],"6":[0,0],"7":[0,0],"8":[0,0],"9":[0,0],"10":[0,0],"11":[0,0],"12":[0,0],"13":[0,0],"14":[0,0],"15":[0,0]}}
,"/home/vantai/NT548-DevOps/app/mono/backend/src/controllers/auth.controller.js": {"path":"/home/vantai/NT548-DevOps/app/mono/backend/src/controllers/auth.controller.js","statementMap":{"0":{"start":{"line":1,"column":15},"end":{"line":1,"column":34}},"1":{"start":{"line":2,"column":12},"end":{"line":2,"column":35}},"2":{"start":{"line":3,"column":13},"end":{"line":3,"column":38}},"3":{"start":{"line":4,"column":15},"end":{"line":4,"column":42}},"4":{"start":{"line":15,"column":17},"end":{"line":56,"column":1}},"5":{"start":{"line":16,"column":2},"end":{"line":55,"column":3}},"6":{"start":{"line":17,"column":42},"end":{"line":17,"column":50}},"7":{"start":{"line":20,"column":4},"end":{"line":24,"column":5}},"8":{"start":{"line":21,"column":6},"end":{"line":23,"column":9}},"9":{"start":{"line":26,"column":4},"end":{"line":30,"column":5}},"10":{"start":{"line":27,"column":6},"end":{"line":29,"column":9}},"11":{"start":{"line":32,"column":25},"end":{"line":32,"column":65}},"12":{"start":{"line":33,"column":4},"end":{"line":35,"column":5}},"13":{"start":{"line":34,"column":6},"end":{"line":34,"column":71}},"14":{"start":{"line":37,"column":27},"end":{"line":37,"column":58}},"15":{"start":{"line":38,"column":17},"end":{"line":38,"column":81}},"16":{"start":{"line":40,"column":18},"end":{"line":44,"column":5}},"17":{"start":{"line":46,"column":4},"end":{"line":46,"column":76}},"18":{"start":{"line":48,"column":4},"end":{"line":51,"column":7}},"19":{"start":{"line":53,"column":4},"end":{"line":53,"column":52}},"20":{"start":{"line":54,"column":4},"end":{"line":54,"column":63}},"21":{"start":{"line":58,"column":14},"end":{"line":98,"column":1}},"22":{"start":{"line":59,"column":2},"end":{"line":97,"column":3}},"23":{"start":{"line":60,"column":32},"end":{"line":60,"column":40}},"24":{"start":{"line":62,"column":4},"end":{"line":66,"column":5}},"25":{"start":{"line":63,"column":6},"end":{"line":65,"column":9}},"26":{"start":{"line":68,"column":17},"end":{"line":68,"column":57}},"27":{"start":{"line":69,"column":4},"end":{"line":74,"column":5}},"28":{"start":{"line":73,"column":6},"end":{"line":73,"column":76}},"29":{"start":{"line":76,"column":20},"end":{"line":76,"column":65}},"30":{"start":{"line":77,"column":4},"end":{"line":80,"column":5}},"31":{"start":{"line":78,"column":6},"end":{"line":78,"column":54}},"32":{"start":{"line":79,"column":6},"end":{"line":79,"column":76}},"33":{"start":{"line":82,"column":18},"end":{"line":86,"column":5}},"34":{"start":{"line":88,"column":4},"end":{"line":88,"column":55}},"35":{"start":{"line":90,"column":4},"end":{"line":93,"column":7}},"36":{"start":{"line":95,"column":4},"end":{"line":95,"column":49}},"37":{"start":{"line":96,"column":4},"end":{"line":96,"column":63}},"38":{"start":{"line":100,"column":0},"end":{"line":100,"column":37}}},"fnMap":{"0":{"name":"(anonymous_0)","decl":{"start":{"line":15,"column":17},"end":{"line":15,"column":18}},"loc":{"start":{"line":15,"column":37},"end":{"line":56,"column":1}},"line":15},"1":{"name":"(anonymous_1)","decl":{"start":{"line":58,"column":14},"end":{"line":58,"column":15}},"loc":{"start":{"line":58,"column":34},"end":{"line":98,"column":1}},"line":58}},"branchMap":{"0":{"loc":{"start":{"line":20,"column":4},"end":{"line":24,"column":5}},"type":"if","locations":[{"start":{"line":20,"column":4},"end":{"line":24,"column":5}},{"start":{},"end":{}}],"line":20},"1":{"loc":{"start":{"line":20,"column":8},"end":{"line":20,"column":40}},"type":"binary-expr","locations":[{"start":{"line":20,"column":8},"end":{"line":20,"column":17}},{"start":{"line":20,"column":21},"end":{"line":20,"column":27}},{"start":{"line":20,"column":31},"end":{"line":20,"column":40}}],"line":20},"2":{"loc":{"start":{"line":26,"column":4},"end":{"line":30,"column":5}},"type":"if","locations":[{"start":{"line":26,"column":4},"end":{"line":30,"column":5}},{"start":{},"end":{}}],"line":26},"3":{"loc":{"start":{"line":33,"column":4},"end":{"line":35,"column":5}},"type":"if","locations":[{"start":{"line":33,"column":4},"end":{"line":35,"column":5}},{"start":{},"end":{}}],"line":33},"4":{"loc":{"start":{"line":62,"column":4},"end":{"line":66,"column":5}},"type":"if","locations":[{"start":{"line":62,"column":4},"end":{"line":66,"column":5}},{"start":{},"end":{}}],"line":62},"5":{"loc":{"start":{"line":62,"column":8},"end":{"line":62,"column":27}},"type":"binary-expr","locations":[{"start":{"line":62,"column":8},"end":{"line":62,"column":14}},{"start":{"line":62,"column":18},"end":{"line":62,"column":27}}],"line":62},"6":{"loc":{"start":{"line":69,"column":4},"end":{"line":74,"column":5}},"type":"if","locations":[{"start":{"line":69,"column":4},"end":{"line":74,"column":5}},{"start":{},"end":{}}],"line":69},"7":{"loc":{"start":{"line":77,"column":4},"end":{"line":80,"column":5}},"type":"if","locations":[{"start":{"line":77,"column":4},"end":{"line":80,"column":5}},{"start":{},"end":{}}],"line":77}},"s":{"0":1,"1":1,"2":1,"3":1,"4":1,"5":4,"6":4,"7":4,"8":1,"9":3,"10":1,"11":2,"12":2,"13":1,"14":1,"15":1,"16":1,"17":1,"18":1,"19":0,"20":0,"21":1,"22":3,"23":3,"24":3,"25":0,"26":3,"27":3,"28":1,"29":2,"30":2,"31":1,"32":1,"33":1,"34":1,"35":1,"36":0,"37":0,"38":1},"f":{"0":4,"1":3},"b":{"0":[1,3],"1":[4,3,3],"2":[1,2],"3":[1,1],"4":[0,3],"5":[3,3],"6":[1,2],"7":[1,1]},"_coverageSchema":"1a1c01bbd47fc00a2c39e90264f33305004495a9","hash":"5c39ba562b4eaecb9571247dc3bb3199b9873507"}
,"/home/vantai/NT548-DevOps/app/mono/backend/src/controllers/task.controller.js": {"path":"/home/vantai/NT548-DevOps/app/mono/backend/src/controllers/task.controller.js","statementMap":{"0":{"start":{"line":1,"column":13},"end":{"line":1,"column":38}},"1":{"start":{"line":2,"column":15},"end":{"line":2,"column":42}},"2":{"start":{"line":4,"column":20},"end":{"line":12,"column":1}},"3":{"start":{"line":5,"column":2},"end":{"line":11,"column":3}},"4":{"start":{"line":6,"column":18},"end":{"line":6,"column":72}},"5":{"start":{"line":7,"column":4},"end":{"line":7,"column":20}},"6":{"start":{"line":9,"column":4},"end":{"line":9,"column":77}},"7":{"start":{"line":10,"column":4},"end":{"line":10,"column":63}},"8":{"start":{"line":14,"column":19},"end":{"line":34,"column":1}},"9":{"start":{"line":15,"column":2},"end":{"line":33,"column":3}},"10":{"start":{"line":16,"column":35},"end":{"line":16,"column":43}},"11":{"start":{"line":18,"column":4},"end":{"line":20,"column":5}},"12":{"start":{"line":19,"column":6},"end":{"line":19,"column":68}},"13":{"start":{"line":22,"column":17},"end":{"line":26,"column":6}},"14":{"start":{"line":28,"column":4},"end":{"line":28,"column":74}},"15":{"start":{"line":29,"column":4},"end":{"line":29,"column":31}},"16":{"start":{"line":31,"column":4},"end":{"line":31,"column":79}},"17":{"start":{"line":32,"column":4},"end":{"line":32,"column":63}},"18":{"start":{"line":36,"column":19},"end":{"line":53,"column":1}},"19":{"start":{"line":37,"column":2},"end":{"line":52,"column":3}},"20":{"start":{"line":38,"column":17},"end":{"line":40,"column":6}},"21":{"start":{"line":42,"column":4},"end":{"line":44,"column":5}},"22":{"start":{"line":43,"column":6},"end":{"line":43,"column":65}},"23":{"start":{"line":46,"column":4},"end":{"line":46,"column":32}},"24":{"start":{"line":47,"column":4},"end":{"line":47,"column":54}},"25":{"start":{"line":48,"column":4},"end":{"line":48,"column":19}},"26":{"start":{"line":50,"column":4},"end":{"line":50,"column":81}},"27":{"start":{"line":51,"column":4},"end":{"line":51,"column":63}},"28":{"start":{"line":55,"column":19},"end":{"line":72,"column":1}},"29":{"start":{"line":56,"column":2},"end":{"line":71,"column":3}},"30":{"start":{"line":57,"column":17},"end":{"line":59,"column":6}},"31":{"start":{"line":61,"column":4},"end":{"line":63,"column":5}},"32":{"start":{"line":62,"column":6},"end":{"line":62,"column":65}},"33":{"start":{"line":65,"column":4},"end":{"line":65,"column":25}},"34":{"start":{"line":66,"column":4},"end":{"line":66,"column":80}},"35":{"start":{"line":67,"column":4},"end":{"line":67,"column":42}},"36":{"start":{"line":69,"column":4},"end":{"line":69,"column":81}},"37":{"start":{"line":70,"column":4},"end":{"line":70,"column":63}},"38":{"start":{"line":74,"column":0},"end":{"line":74,"column":69}}},"fnMap":{"0":{"name":"(anonymous_0)","decl":{"start":{"line":4,"column":20},"end":{"line":4,"column":21}},"loc":{"start":{"line":4,"column":40},"end":{"line":12,"column":1}},"line":4},"1":{"name":"(anonymous_1)","decl":{"start":{"line":14,"column":19},"end":{"line":14,"column":20}},"loc":{"start":{"line":14,"column":39},"end":{"line":34,"column":1}},"line":14},"2":{"name":"(anonymous_2)","decl":{"start":{"line":36,"column":19},"end":{"line":36,"column":20}},"loc":{"start":{"line":36,"column":39},"end":{"line":53,"column":1}},"line":36},"3":{"name":"(anonymous_3)","decl":{"start":{"line":55,"column":19},"end":{"line":55,"column":20}},"loc":{"start":{"line":55,"column":39},"end":{"line":72,"column":1}},"line":55}},"branchMap":{"0":{"loc":{"start":{"line":18,"column":4},"end":{"line":20,"column":5}},"type":"if","locations":[{"start":{"line":18,"column":4},"end":{"line":20,"column":5}},{"start":{},"end":{}}],"line":18},"1":{"loc":{"start":{"line":18,"column":8},"end":{"line":18,"column":37}},"type":"binary-expr","locations":[{"start":{"line":18,"column":8},"end":{"line":18,"column":14}},{"start":{"line":18,"column":18},"end":{"line":18,"column":37}}],"line":18},"2":{"loc":{"start":{"line":24,"column":19},"end":{"line":24,"column":44}},"type":"binary-expr","locations":[{"start":{"line":24,"column":19},"end":{"line":24,"column":38}},{"start":{"line":24,"column":42},"end":{"line":24,"column":44}}],"line":24},"3":{"loc":{"start":{"line":42,"column":4},"end":{"line":44,"column":5}},"type":"if","locations":[{"start":{"line":42,"column":4},"end":{"line":44,"column":5}},{"start":{},"end":{}}],"line":42},"4":{"loc":{"start":{"line":61,"column":4},"end":{"line":63,"column":5}},"type":"if","locations":[{"start":{"line":61,"column":4},"end":{"line":63,"column":5}},{"start":{},"end":{}}],"line":61}},"s":{"0":0,"1":0,"2":0,"3":0,"4":0,"5":0,"6":0,"7":0,"8":0,"9":0,"10":0,"11":0,"12":0,"13":0,"14":0,"15":0,"16":0,"17":0,"18":0,"19":0,"20":0,"21":0,"22":0,"23":0,"24":0,"25":0,"26":0,"27":0,"28":0,"29":0,"30":0,"31":0,"32":0,"33":0,"34":0,"35":0,"36":0,"37":0,"38":0},"f":{"0":0,"1":0,"2":0,"3":0},"b":{"0":[0,0],"1":[0,0],"2":[0,0],"3":[0,0],"4":[0,0]}}
,"/home/vantai/NT548-DevOps/app/mono/backend/src/middleware/auth.middleware.js": {"path":"/home/vantai/NT548-DevOps/app/mono/backend/src/middleware/auth.middleware.js","statementMap":{"0":{"start":{"line":1,"column":12},"end":{"line":1,"column":35}},"1":{"start":{"line":2,"column":15},"end":{"line":2,"column":42}},"2":{"start":{"line":14,"column":23},"end":{"line":62,"column":1}},"3":{"start":{"line":15,"column":21},"end":{"line":15,"column":49}},"4":{"start":{"line":16,"column":16},"end":{"line":16,"column":54}},"5":{"start":{"line":18,"column":2},"end":{"line":23,"column":3}},"6":{"start":{"line":19,"column":4},"end":{"line":22,"column":7}},"7":{"start":{"line":25,"column":2},"end":{"line":61,"column":3}},"8":{"start":{"line":26,"column":20},"end":{"line":26,"column":61}},"9":{"start":{"line":27,"column":4},"end":{"line":27,"column":23}},"10":{"start":{"line":28,"column":4},"end":{"line":28,"column":11}},"11":{"start":{"line":31,"column":4},"end":{"line":41,"column":5}},"12":{"start":{"line":32,"column":6},"end":{"line":35,"column":26}},"13":{"start":{"line":37,"column":6},"end":{"line":40,"column":9}},"14":{"start":{"line":43,"column":4},"end":{"line":53,"column":5}},"15":{"start":{"line":44,"column":6},"end":{"line":47,"column":34}},"16":{"start":{"line":49,"column":6},"end":{"line":52,"column":9}},"17":{"start":{"line":56,"column":4},"end":{"line":56,"column":68}},"18":{"start":{"line":57,"column":4},"end":{"line":60,"column":7}},"19":{"start":{"line":64,"column":0},"end":{"line":64,"column":32}}},"fnMap":{"0":{"name":"(anonymous_0)","decl":{"start":{"line":14,"column":23},"end":{"line":14,"column":24}},"loc":{"start":{"line":14,"column":43},"end":{"line":62,"column":1}},"line":14}},"branchMap":{"0":{"loc":{"start":{"line":16,"column":16},"end":{"line":16,"column":54}},"type":"binary-expr","locations":[{"start":{"line":16,"column":16},"end":{"line":16,"column":26}},{"start":{"line":16,"column":30},"end":{"line":16,"column":54}}],"line":16},"1":{"loc":{"start":{"line":18,"column":2},"end":{"line":23,"column":3}},"type":"if","locations":[{"start":{"line":18,"column":2},"end":{"line":23,"column":3}},{"start":{},"end":{}}],"line":18},"2":{"loc":{"start":{"line":31,"column":4},"end":{"line":41,"column":5}},"type":"if","locations":[{"start":{"line":31,"column":4},"end":{"line":41,"column":5}},{"start":{},"end":{}}],"line":31},"3":{"loc":{"start":{"line":43,"column":4},"end":{"line":53,"column":5}},"type":"if","locations":[{"start":{"line":43,"column":4},"end":{"line":53,"column":5}},{"start":{},"end":{}}],"line":43}},"s":{"0":0,"1":0,"2":0,"3":0,"4":0,"5":0,"6":0,"7":0,"8":0,"9":0,"10":0,"11":0,"12":0,"13":0,"14":0,"15":0,"16":0,"17":0,"18":0,"19":0},"f":{"0":0},"b":{"0":[0,0],"1":[0,0],"2":[0,0],"3":[0,0]}}
,"/home/vantai/NT548-DevOps/app/mono/backend/src/models/Task.js": {"path":"/home/vantai/NT548-DevOps/app/mono/backend/src/models/Task.js","statementMap":{"0":{"start":{"line":1,"column":22},"end":{"line":1,"column":42}},"1":{"start":{"line":2,"column":18},"end":{"line":2,"column":47}},"2":{"start":{"line":4,"column":13},"end":{"line":29,"column":2}},"3":{"start":{"line":31,"column":0},"end":{"line":31,"column":22}}},"fnMap":{},"branchMap":{},"s":{"0":0,"1":0,"2":0,"3":0},"f":{},"b":{}}
,"/home/vantai/NT548-DevOps/app/mono/backend/src/models/User.js": {"path":"/home/vantai/NT548-DevOps/app/mono/backend/src/models/User.js","statementMap":{"0":{"start":{"line":1,"column":22},"end":{"line":1,"column":42}},"1":{"start":{"line":2,"column":18},"end":{"line":2,"column":47}},"2":{"start":{"line":4,"column":13},"end":{"line":28,"column":2}},"3":{"start":{"line":30,"column":0},"end":{"line":30,"column":22}}},"fnMap":{},"branchMap":{},"s":{"0":1,"1":1,"2":1,"3":1},"f":{},"b":{},"_coverageSchema":"1a1c01bbd47fc00a2c39e90264f33305004495a9","hash":"cc1e6bc0e48a72c880f79af74163e080cdf19698"}
,"/home/vantai/NT548-DevOps/app/mono/backend/src/routes/auth.routes.js": {"path":"/home/vantai/NT548-DevOps/app/mono/backend/src/routes/auth.routes.js","statementMap":{"0":{"start":{"line":1,"column":16},"end":{"line":1,"column":34}},"1":{"start":{"line":2,"column":15},"end":{"line":2,"column":31}},"2":{"start":{"line":3,"column":28},"end":{"line":3,"column":69}},"3":{"start":{"line":5,"column":0},"end":{"line":5,"column":35}},"4":{"start":{"line":6,"column":0},"end":{"line":6,"column":29}},"5":{"start":{"line":8,"column":0},"end":{"line":8,"column":24}}},"fnMap":{},"branchMap":{},"s":{"0":0,"1":0,"2":0,"3":0,"4":0,"5":0},"f":{},"b":{}}
,"/home/vantai/NT548-DevOps/app/mono/backend/src/routes/task.routes.js": {"path":"/home/vantai/NT548-DevOps/app/mono/backend/src/routes/task.routes.js","statementMap":{"0":{"start":{"line":1,"column":16},"end":{"line":1,"column":34}},"1":{"start":{"line":2,"column":15},"end":{"line":2,"column":31}},"2":{"start":{"line":3,"column":23},"end":{"line":3,"column":63}},"3":{"start":{"line":4,"column":60},"end":{"line":4,"column":101}},"4":{"start":{"line":6,"column":0},"end":{"line":6,"column":45}},"5":{"start":{"line":7,"column":0},"end":{"line":7,"column":45}},"6":{"start":{"line":8,"column":0},"end":{"line":8,"column":47}},"7":{"start":{"line":9,"column":0},"end":{"line":9,"column":50}},"8":{"start":{"line":11,"column":0},"end":{"line":11,"column":24}}},"fnMap":{},"branchMap":{},"s":{"0":0,"1":0,"2":0,"3":0,"4":0,"5":0,"6":0,"7":0,"8":0},"f":{},"b":{}}
}
